Loading data...
tensor(False)
tensor(False)
tensor(False)
tensor(False)
Constructing model...
RNN(
  (criterion): NLLLoss()
  (demand_amplifier): Linear(in_features=1, out_features=128, bias=True)
  (supply_amplifier): Linear(in_features=1, out_features=128, bias=True)
  (demand_encoder): RNN(128, 128, num_layers=3, batch_first=True)
  (supply_encoder): RNN(128, 128, num_layers=3, batch_first=True)
  (demand_decoder): Sequential(
    (0): Linear(in_features=128, out_features=64, bias=True)
    (1): Dropout(p=0.2, inplace=False)
    (2): ReLU(inplace=True)
    (3): Linear(in_features=64, out_features=10, bias=True)
  )
  (supply_decoder): Sequential(
    (0): Linear(in_features=128, out_features=64, bias=True)
    (1): Dropout(p=0.2, inplace=False)
    (2): ReLU(inplace=True)
    (3): Linear(in_features=64, out_features=10, bias=True)
  )
)
Start Training...
Train Epoch: 1 [0/206759 (0%)] Loss: 4.625686
Train Epoch: 1 [11264/206759 (5%)] Loss: 4.432500
Train Epoch: 1 [22528/206759 (11%)] Loss: 4.291639
Train Epoch: 1 [33792/206759 (16%)] Loss: 4.191410
Train Epoch: 1 [45056/206759 (22%)] Loss: 4.108399
Train Epoch: 1 [56320/206759 (27%)] Loss: 3.979215
Train Epoch: 1 [67584/206759 (33%)] Loss: 4.004420
Train Epoch: 1 [78848/206759 (38%)] Loss: 3.883900
Train Epoch: 1 [90112/206759 (44%)] Loss: 3.922711
Train Epoch: 1 [101376/206759 (49%)] Loss: 3.841446
Train Epoch: 1 [112640/206759 (54%)] Loss: 3.676519
Train Epoch: 1 [123904/206759 (60%)] Loss: 3.764904
Train Epoch: 1 [135168/206759 (65%)] Loss: 3.795184
Train Epoch: 1 [146432/206759 (71%)] Loss: 3.770842
Train Epoch: 1 [157696/206759 (76%)] Loss: 3.601911
Train Epoch: 1 [168960/206759 (82%)] Loss: 3.687078
